\BOOKMARK [1][-]{section.1}{\376\377\145\076\131\047\165\065\215\357}{}% 1
\BOOKMARK [2][-]{subsection.1.1}{\376\377\124\014\124\021\145\076\131\047\165\065\215\357}{section.1}% 2
\BOOKMARK [2][-]{subsection.1.2}{\376\377\123\315\124\021\145\076\131\047\165\065\215\357}{section.1}% 3
\BOOKMARK [1][-]{section.2}{\376\377\122\240\121\317\165\065\215\357}{}% 4
\BOOKMARK [2][-]{subsection.2.1}{\376\377\123\315\124\021\122\240\154\325\126\150}{section.2}% 5
\BOOKMARK [2][-]{subsection.2.2}{\376\377\124\014\124\021\122\240\154\325\126\150}{section.2}% 6
\BOOKMARK [2][-]{subsection.2.3}{\376\377\135\356\122\006\121\317\154\325\165\065\215\357}{section.2}% 7
\BOOKMARK [1][-]{section.3}{\376\377\171\357\122\006\165\065\215\357}{}% 8
\BOOKMARK [2][-]{subsection.3.1}{\376\377\123\315\124\021\171\357\122\006\165\065\215\357}{section.3}% 9
\BOOKMARK [2][-]{subsection.3.2}{\376\377\133\236\165\050\127\213\123\315\124\021\171\357\122\006\165\065\215\357}{section.3}% 10
\BOOKMARK [1][-]{section.4}{\376\377\137\256\122\006\165\065\215\357}{}% 11
\BOOKMARK [1][-]{section.5}{\376\377\143\007\145\160\116\016\133\371\145\160\165\065\215\357}{}% 12
\BOOKMARK [2][-]{subsection.5.1}{\376\377\143\007\145\160\217\320\173\227\165\065\215\357}{section.5}% 13
\BOOKMARK [2][-]{subsection.5.2}{\376\377\133\371\145\160\217\320\173\227\165\065\215\357}{section.5}% 14
\BOOKMARK [1][-]{section.6}{\376\377\156\344\154\342\126\150}{}% 15
\BOOKMARK [2][-]{subsection.6.1}{\376\377\123\213\143\247\165\065\123\213\156\220\116\214\226\066\117\116\220\032\156\344\154\342\126\150}{section.6}% 16
\BOOKMARK [2][-]{subsection.6.2}{\376\377\123\213\143\247\165\065\123\213\156\220\116\214\226\066\232\330\220\032\156\344\154\342\126\150}{section.6}% 17
\BOOKMARK [1][-]{section.7}{\376\377\117\341\123\367\123\321\165\037\165\065\215\357}{}% 18
\BOOKMARK [2][-]{subsection.7.1}{\376\377\145\207\154\017\150\145\227\007\203\141\165\065\215\357}{section.7}% 19
\BOOKMARK [2][-]{subsection.7.2}{\376\377\145\271\154\342\124\214\116\011\211\322\154\342\123\321\165\037\165\065\215\357}{section.7}% 20
\BOOKMARK [2][-]{subsection.7.3}{\376\377\225\057\237\177\154\342\123\321\165\037\165\065\215\357}{section.7}% 21
